Some weights of EsmModel were not initialized from the model checkpoint at /home/xiaojian/LLPS_model_project/PhytoRNP_PSLM/esm2 and are newly initialized: ['pooler.dense.bias', 'pooler.dense.weight']
You should probably TRAIN this model on a down-stream task to be able to use it for predictions and inference.
Device: cuda

[1] Loading data...
  Background: 146867
  LLPS:       6374
  RBP:        774
  Total:      154015

========== Method 1: Raw ESM2 CLS + IUPred3 ==========
[1.1] Extracting ESM2 CLS embeddings...
  ESM2 CLS: 128/154015
  ESM2 CLS: 1408/154015
  ESM2 CLS: 2688/154015
  ESM2 CLS: 3968/154015
  ESM2 CLS: 5248/154015
  ESM2 CLS: 6528/154015
  ESM2 CLS: 7808/154015
  ESM2 CLS: 9088/154015
  ESM2 CLS: 10368/154015
  ESM2 CLS: 11648/154015
  ESM2 CLS: 12928/154015
  ESM2 CLS: 14208/154015
  ESM2 CLS: 15488/154015
  ESM2 CLS: 16768/154015
  ESM2 CLS: 18048/154015
  ESM2 CLS: 19328/154015
  ESM2 CLS: 20608/154015
  ESM2 CLS: 21888/154015
  ESM2 CLS: 23168/154015
  ESM2 CLS: 24448/154015
  ESM2 CLS: 25728/154015
  ESM2 CLS: 27008/154015
  ESM2 CLS: 28288/154015
  ESM2 CLS: 29568/154015
  ESM2 CLS: 30848/154015
  ESM2 CLS: 32128/154015
  ESM2 CLS: 33408/154015
  ESM2 CLS: 34688/154015
  ESM2 CLS: 35968/154015
  ESM2 CLS: 37248/154015
  ESM2 CLS: 38528/154015
  ESM2 CLS: 39808/154015
  ESM2 CLS: 41088/154015
  ESM2 CLS: 42368/154015
  ESM2 CLS: 43648/154015
  ESM2 CLS: 44928/154015
  ESM2 CLS: 46208/154015
  ESM2 CLS: 47488/154015
  ESM2 CLS: 48768/154015
  ESM2 CLS: 50048/154015
  ESM2 CLS: 51328/154015
  ESM2 CLS: 52608/154015
  ESM2 CLS: 53888/154015
  ESM2 CLS: 55168/154015
  ESM2 CLS: 56448/154015
  ESM2 CLS: 57728/154015
  ESM2 CLS: 59008/154015
  ESM2 CLS: 60288/154015
  ESM2 CLS: 61568/154015
  ESM2 CLS: 62848/154015
  ESM2 CLS: 64128/154015
  ESM2 CLS: 65408/154015
  ESM2 CLS: 66688/154015
  ESM2 CLS: 67968/154015
  ESM2 CLS: 69248/154015
  ESM2 CLS: 70528/154015
  ESM2 CLS: 71808/154015
  ESM2 CLS: 73088/154015
  ESM2 CLS: 74368/154015
  ESM2 CLS: 75648/154015
  ESM2 CLS: 76928/154015
  ESM2 CLS: 78208/154015
  ESM2 CLS: 79488/154015
  ESM2 CLS: 80768/154015
  ESM2 CLS: 82048/154015
  ESM2 CLS: 83328/154015
  ESM2 CLS: 84608/154015
  ESM2 CLS: 85888/154015
  ESM2 CLS: 87168/154015
  ESM2 CLS: 88448/154015
  ESM2 CLS: 89728/154015
  ESM2 CLS: 91008/154015
  ESM2 CLS: 92288/154015
  ESM2 CLS: 93568/154015
  ESM2 CLS: 94848/154015
  ESM2 CLS: 96128/154015
  ESM2 CLS: 97408/154015
  ESM2 CLS: 98688/154015
  ESM2 CLS: 99968/154015
  ESM2 CLS: 101248/154015
  ESM2 CLS: 102528/154015
  ESM2 CLS: 103808/154015
Some weights of EsmModel were not initialized from the model checkpoint at /home/xiaojian/LLPS_model_project/PhytoRNP_PSLM/esm2 and are newly initialized: ['pooler.dense.bias', 'pooler.dense.weight']
You should probably TRAIN this model on a down-stream task to be able to use it for predictions and inference.
Device: cuda

[1] Loading data...
  Background: 146867
  LLPS:       6374
  RBP:        774
  Total:      154015

========== Method 1: Raw ESM2 CLS + IUPred3 ==========
[1.1] Extracting ESM2 CLS embeddings...
  ESM2 CLS: 128/154015
  ESM2 CLS: 1408/154015
  ESM2 CLS: 2688/154015
  ESM2 CLS: 3968/154015
  ESM2 CLS: 5248/154015
  ESM2 CLS: 6528/154015
  ESM2 CLS: 7808/154015
  ESM2 CLS: 9088/154015
  ESM2 CLS: 10368/154015
  ESM2 CLS: 11648/154015
  ESM2 CLS: 12928/154015
  ESM2 CLS: 14208/154015
  ESM2 CLS: 15488/154015
  ESM2 CLS: 16768/154015
  ESM2 CLS: 18048/154015
  ESM2 CLS: 19328/154015
  ESM2 CLS: 20608/154015
  ESM2 CLS: 21888/154015
  ESM2 CLS: 23168/154015
  ESM2 CLS: 24448/154015
  ESM2 CLS: 25728/154015
  ESM2 CLS: 27008/154015
  ESM2 CLS: 28288/154015
  ESM2 CLS: 29568/154015
  ESM2 CLS: 30848/154015
  ESM2 CLS: 32128/154015
  ESM2 CLS: 33408/154015
  ESM2 CLS: 34688/154015
  ESM2 CLS: 35968/154015
  ESM2 CLS: 37248/154015
  ESM2 CLS: 38528/154015
  ESM2 CLS: 39808/154015
  ESM2 CLS: 41088/154015
  ESM2 CLS: 42368/154015
  ESM2 CLS: 43648/154015
  ESM2 CLS: 44928/154015
  ESM2 CLS: 46208/154015
  ESM2 CLS: 47488/154015
  ESM2 CLS: 48768/154015
  ESM2 CLS: 50048/154015
  ESM2 CLS: 51328/154015
  ESM2 CLS: 52608/154015
  ESM2 CLS: 53888/154015
  ESM2 CLS: 55168/154015
  ESM2 CLS: 56448/154015
  ESM2 CLS: 57728/154015
  ESM2 CLS: 59008/154015
  ESM2 CLS: 60288/154015
  ESM2 CLS: 61568/154015
  ESM2 CLS: 62848/154015
  ESM2 CLS: 64128/154015
  ESM2 CLS: 65408/154015
  ESM2 CLS: 66688/154015
  ESM2 CLS: 67968/154015
  ESM2 CLS: 69248/154015
  ESM2 CLS: 70528/154015
  ESM2 CLS: 71808/154015
  ESM2 CLS: 73088/154015
  ESM2 CLS: 74368/154015
  ESM2 CLS: 75648/154015
  ESM2 CLS: 76928/154015
  ESM2 CLS: 78208/154015
  ESM2 CLS: 79488/154015
  ESM2 CLS: 80768/154015
  ESM2 CLS: 82048/154015
  ESM2 CLS: 83328/154015
  ESM2 CLS: 84608/154015
  ESM2 CLS: 85888/154015
  ESM2 CLS: 87168/154015
  ESM2 CLS: 88448/154015
  ESM2 CLS: 89728/154015
  ESM2 CLS: 91008/154015
  ESM2 CLS: 92288/154015
  ESM2 CLS: 93568/154015
  ESM2 CLS: 94848/154015
  ESM2 CLS: 96128/154015
  ESM2 CLS: 97408/154015
  ESM2 CLS: 98688/154015
  ESM2 CLS: 99968/154015
  ESM2 CLS: 101248/154015
  ESM2 CLS: 102528/154015
  ESM2 CLS: 103808/154015
  ESM2 CLS: 105088/154015
  ESM2 CLS: 106368/154015
  ESM2 CLS: 107648/154015
  ESM2 CLS: 108928/154015
  ESM2 CLS: 110208/154015
  ESM2 CLS: 111488/154015
  ESM2 CLS: 112768/154015
  ESM2 CLS: 114048/154015
  ESM2 CLS: 115328/154015
  ESM2 CLS: 116608/154015
  ESM2 CLS: 117888/154015
  ESM2 CLS: 119168/154015
  ESM2 CLS: 120448/154015
  ESM2 CLS: 121728/154015
  ESM2 CLS: 123008/154015
  ESM2 CLS: 124288/154015
  ESM2 CLS: 125568/154015
  ESM2 CLS: 126848/154015
  ESM2 CLS: 128128/154015
  ESM2 CLS: 129408/154015
  ESM2 CLS: 130688/154015
  ESM2 CLS: 131968/154015
  ESM2 CLS: 133248/154015
  ESM2 CLS: 134528/154015
  ESM2 CLS: 135808/154015
  ESM2 CLS: 137088/154015
  ESM2 CLS: 138368/154015
  ESM2 CLS: 139648/154015
  ESM2 CLS: 140928/154015
  ESM2 CLS: 142208/154015
  ESM2 CLS: 143488/154015
  ESM2 CLS: 144768/154015
  ESM2 CLS: 146048/154015
  ESM2 CLS: 147328/154015
  ESM2 CLS: 148608/154015
  ESM2 CLS: 149888/154015
  ESM2 CLS: 151168/154015
  ESM2 CLS: 152448/154015
  ESM2 CLS: 153728/154015
  Shape: (154015, 1280)
[1.2] Computing IUPred3 aggregate features...
  IUPred: 2000/154015
  IUPred: 4000/154015
  IUPred: 6000/154015
  IUPred: 8000/154015
  IUPred: 10000/154015
  IUPred: 12000/154015
  IUPred: 14000/154015
  IUPred: 16000/154015
  IUPred: 18000/154015
  IUPred: 20000/154015
  IUPred: 22000/154015
  IUPred: 24000/154015
  IUPred: 26000/154015
  IUPred: 28000/154015
  IUPred: 30000/154015
  IUPred: 32000/154015
  IUPred: 34000/154015
  IUPred: 36000/154015
  IUPred: 38000/154015
  IUPred: 40000/154015
  IUPred: 42000/154015
  IUPred: 44000/154015
  IUPred: 46000/154015
  IUPred: 48000/154015
  IUPred: 50000/154015
  IUPred: 52000/154015
  IUPred: 54000/154015
  IUPred: 56000/154015
  IUPred: 58000/154015
  IUPred: 60000/154015
  IUPred: 62000/154015
  IUPred: 64000/154015
  IUPred: 66000/154015
  IUPred: 68000/154015
  IUPred: 70000/154015
  IUPred: 72000/154015
  IUPred: 74000/154015
  IUPred: 76000/154015
  IUPred: 78000/154015
  IUPred: 80000/154015
  IUPred: 82000/154015
  IUPred: 84000/154015
  IUPred: 86000/154015
  IUPred: 88000/154015
  IUPred: 90000/154015
  IUPred: 92000/154015
  IUPred: 94000/154015
  IUPred: 96000/154015
  IUPred: 98000/154015
  IUPred: 100000/154015
  IUPred: 102000/154015
  IUPred: 104000/154015
  IUPred: 106000/154015
  IUPred: 108000/154015
  IUPred: 110000/154015
  IUPred: 112000/154015
  IUPred: 114000/154015
  IUPred: 116000/154015
  IUPred: 118000/154015
  IUPred: 120000/154015
  IUPred: 122000/154015
  IUPred: 124000/154015
  IUPred: 126000/154015
  IUPred: 128000/154015
  IUPred: 130000/154015
  IUPred: 132000/154015
  IUPred: 134000/154015
  IUPred: 136000/154015
  IUPred: 138000/154015
  IUPred: 140000/154015
  IUPred: 142000/154015
  IUPred: 144000/154015
  IUPred: 146000/154015
  IUPred: 148000/154015
  IUPred: 150000/154015
  IUPred: 152000/154015
  IUPred: 154000/154015
Some weights of EsmModel were not initialized from the model checkpoint at /home/xiaojian/LLPS_model_project/PhytoRNP_PSLM/esm2 and are newly initialized: ['pooler.dense.bias', 'pooler.dense.weight']
You should probably TRAIN this model on a down-stream task to be able to use it for predictions and inference.
  Shape: (154015, 8)
[1.3] PCA + UMAP...
  ESM2 PCA explained variance: 0.601
  Feature dim: 28
  Saved: combined_umap_raw_esm.csv

========== Method 2: Model Pooled Features ==========
[2.1] Loading model...
[2.2] Extracting pooled features via forward hook...
  Pooled: 128/154015
  Pooled: 768/154015
  Pooled: 1408/154015
  Pooled: 2048/154015
  Pooled: 2688/154015
  Pooled: 3328/154015
  Pooled: 3968/154015
  Pooled: 4608/154015
  Pooled: 5248/154015
  Pooled: 5888/154015
  Pooled: 6528/154015
  Pooled: 7168/154015
  Pooled: 7808/154015
  Pooled: 8448/154015
  Pooled: 9088/154015
  Pooled: 9728/154015
  Pooled: 10368/154015
  Pooled: 11008/154015
  Pooled: 11648/154015
  Pooled: 12288/154015
  Pooled: 12928/154015
  Pooled: 13568/154015
  Pooled: 14208/154015
  Pooled: 14848/154015
  Pooled: 15488/154015
  Pooled: 16128/154015
  Pooled: 16768/154015
  Pooled: 17408/154015
  Pooled: 18048/154015
  Pooled: 18688/154015
  Pooled: 19328/154015
  Pooled: 19968/154015
  Pooled: 20608/154015
  Pooled: 21248/154015
  Pooled: 21888/154015
  Pooled: 22528/154015
  Pooled: 23168/154015
  Pooled: 23808/154015
  Pooled: 24448/154015
  Pooled: 25088/154015
  Pooled: 25728/154015
  Pooled: 26368/154015
  Pooled: 27008/154015
  Pooled: 27648/154015
  Pooled: 28288/154015
  Pooled: 28928/154015
  Pooled: 29568/154015
  Pooled: 30208/154015
  Pooled: 30848/154015
  Pooled: 31488/154015
  Pooled: 32128/154015
  Pooled: 32768/154015
  Pooled: 33408/154015
  Pooled: 34048/154015
  Pooled: 34688/154015
  Pooled: 35328/154015
  Pooled: 35968/154015
  Pooled: 36608/154015
  Pooled: 37248/154015
  Pooled: 37888/154015
  Pooled: 38528/154015
  Pooled: 39168/154015
  Pooled: 39808/154015
  Pooled: 40448/154015
  Pooled: 41088/154015
  Pooled: 41728/154015
  Pooled: 42368/154015
  Pooled: 43008/154015
  Pooled: 43648/154015
  Pooled: 44288/154015
  Pooled: 44928/154015
  Pooled: 45568/154015
  Pooled: 46208/154015
  Pooled: 46848/154015
  Pooled: 47488/154015
  Pooled: 48128/154015
  Pooled: 48768/154015
  Pooled: 49408/154015
  Pooled: 50048/154015
  Pooled: 50688/154015
  Pooled: 51328/154015
  Pooled: 51968/154015
  Pooled: 52608/154015
  Pooled: 53248/154015
  Pooled: 53888/154015
  Pooled: 54528/154015
  Pooled: 55168/154015
  Pooled: 55808/154015
  Pooled: 56448/154015
  Pooled: 57088/154015
  Pooled: 57728/154015
  Pooled: 58368/154015
  Pooled: 59008/154015
  Pooled: 59648/154015
  Pooled: 60288/154015
  Pooled: 60928/154015
  Pooled: 61568/154015
  Pooled: 62208/154015
  Pooled: 62848/154015
  Pooled: 63488/154015
  Pooled: 64128/154015
  Pooled: 64768/154015
  Pooled: 65408/154015
  Pooled: 66048/154015
  Pooled: 66688/154015
  Pooled: 67328/154015
  Pooled: 67968/154015
  Pooled: 68608/154015
  Pooled: 69248/154015
  Pooled: 69888/154015
  Pooled: 70528/154015
  Pooled: 71168/154015
  Pooled: 71808/154015
  Pooled: 72448/154015
  Pooled: 73088/154015
  Pooled: 73728/154015
  Pooled: 74368/154015
  Pooled: 75008/154015
  Pooled: 75648/154015
  Pooled: 76288/154015
  Pooled: 76928/154015
  Pooled: 77568/154015
  Pooled: 78208/154015
  Pooled: 78848/154015
  Pooled: 79488/154015
  Pooled: 80128/154015
  Pooled: 80768/154015
  Pooled: 81408/154015
  Pooled: 82048/154015
  Pooled: 82688/154015
  Pooled: 83328/154015
  Pooled: 83968/154015
  Pooled: 84608/154015
  Pooled: 85248/154015
  Pooled: 85888/154015
  Pooled: 86528/154015
  Pooled: 87168/154015
  Pooled: 87808/154015
  Pooled: 88448/154015
  Pooled: 89088/154015
  Pooled: 89728/154015
  Pooled: 90368/154015
  Pooled: 91008/154015
  Pooled: 91648/154015
  Pooled: 92288/154015
  Pooled: 92928/154015
  Pooled: 93568/154015
  Pooled: 94208/154015
  Pooled: 94848/154015
  Pooled: 95488/154015
  Pooled: 96128/154015
  Pooled: 96768/154015
  Pooled: 97408/154015
  Pooled: 98048/154015
  Pooled: 98688/154015
  Pooled: 99328/154015
  Pooled: 99968/154015
  Pooled: 100608/154015
  Pooled: 101248/154015
  Pooled: 101888/154015
  Pooled: 102528/154015
  Pooled: 103168/154015
  Pooled: 103808/154015
  Pooled: 104448/154015
  Pooled: 105088/154015
  Pooled: 105728/154015
  Pooled: 106368/154015
  Pooled: 107008/154015
  Pooled: 107648/154015
  Pooled: 108288/154015
  Pooled: 108928/154015
  Pooled: 109568/154015
  Pooled: 110208/154015
  Pooled: 110848/154015
  Pooled: 111488/154015
  Pooled: 112128/154015
  Pooled: 112768/154015
  Pooled: 113408/154015
  Pooled: 114048/154015
  Pooled: 114688/154015
  Pooled: 115328/154015
  Pooled: 115968/154015
  Pooled: 116608/154015
  Pooled: 117248/154015
  Pooled: 117888/154015
  Pooled: 118528/154015
  Pooled: 119168/154015
  Pooled: 119808/154015
  Pooled: 120448/154015
  Pooled: 121088/154015
  Pooled: 121728/154015
  Pooled: 122368/154015
  Pooled: 123008/154015
  Pooled: 123648/154015
  Pooled: 124288/154015
  Pooled: 124928/154015
  Pooled: 125568/154015
  Pooled: 126208/154015
  Pooled: 126848/154015
  Pooled: 127488/154015
  Pooled: 128128/154015
  Pooled: 128768/154015
  Pooled: 129408/154015
  Pooled: 130048/154015
  Pooled: 130688/154015
  Pooled: 131328/154015
  Pooled: 131968/154015
  Pooled: 132608/154015
  Pooled: 133248/154015
  Pooled: 133888/154015
  Pooled: 134528/154015
  Pooled: 135168/154015
  Pooled: 135808/154015
  Pooled: 136448/154015
  Pooled: 137088/154015
  Pooled: 137728/154015
  Pooled: 138368/154015
  Pooled: 139008/154015
  Pooled: 139648/154015
  Pooled: 140288/154015
  Pooled: 140928/154015
  Pooled: 141568/154015
  Pooled: 142208/154015
  Pooled: 142848/154015
  Pooled: 143488/154015
  Pooled: 144128/154015
  Pooled: 144768/154015
  Pooled: 145408/154015
  Pooled: 146048/154015
  Pooled: 146688/154015
  Pooled: 147328/154015
  Pooled: 147968/154015
  Pooled: 148608/154015
  Pooled: 149248/154015
  Pooled: 149888/154015
  Pooled: 150528/154015
  Pooled: 151168/154015
  Pooled: 151808/154015
  Pooled: 152448/154015
  Pooled: 153088/154015
  Pooled: 153728/154015
  Shape: (154015, 512)
[2.3] UMAP on pooled features...
  Saved: combined_umap_model_pooled.csv

[3] Merging all coordinates + LLPS scores...
  Background_with_umap.csv: 146867 rows
  LLPS_with_umap.csv: 6374 rows
  RBP_with_umap.csv: 774 rows

All outputs in /home/xiaojian/LLPS_model_project/PhytoRNP_PSLM/outputs/predictions/
Done!
